<?xml version="1.0" encoding="UTF-8"?>
<testng-results ignored="0" total="2" passed="2" failed="0" skipped="0">
  <reporter-output>
  </reporter-output>
  <suite started-at="2024-01-08T19:34:56 EET" name="Command line suite" finished-at="2024-01-08T19:35:13 EET" duration-ms="16361">
    <groups>
    </groups>
    <test started-at="2024-01-08T19:34:56 EET" name="Command line test" finished-at="2024-01-08T19:35:13 EET" duration-ms="16361">
      <class name="ui.selenide.WikiTest">
        <test-method is-config="true" signature="setUp()[pri:0, instance:ui.selenide.WikiTest@2893de87]" started-at="2024-01-08T19:34:56 EET" name="setUp" finished-at="2024-01-08T19:34:59 EET" duration-ms="2079" status="PASS">
          <reporter-output>
          </reporter-output>
        </test-method> <!-- setUp -->
        <test-method signature="shouldBeAuth()[pri:0, instance:ui.selenide.WikiTest@2893de87]" started-at="2024-01-08T19:34:59 EET" name="shouldBeAuth" finished-at="2024-01-08T19:35:09 EET" duration-ms="10657" status="PASS">
          <reporter-output>
          </reporter-output>
        </test-method> <!-- shouldBeAuth -->
        <test-method is-config="true" signature="setUp()[pri:0, instance:ui.selenide.WikiTest@2893de87]" started-at="2024-01-08T19:35:09 EET" name="setUp" finished-at="2024-01-08T19:35:11 EET" duration-ms="1560" status="PASS">
          <reporter-output>
          </reporter-output>
        </test-method> <!-- setUp -->
        <test-method signature="shouldBeOpenedArticle()[pri:0, instance:ui.selenide.WikiTest@2893de87]" started-at="2024-01-08T19:35:11 EET" name="shouldBeOpenedArticle" finished-at="2024-01-08T19:35:13 EET" duration-ms="2044" status="PASS">
          <reporter-output>
          </reporter-output>
        </test-method> <!-- shouldBeOpenedArticle -->
      </class> <!-- ui.selenide.WikiTest -->
    </test> <!-- Command line test -->
  </suite> <!-- Command line suite -->
</testng-results>
