<?xml version="1.0" encoding="UTF-8"?>
<testsuite xmlns:xsi="http://www.w3.org/2001/XMLSchema-instance" xsi:noNamespaceSchemaLocation="https://maven.apache.org/surefire/maven-surefire-plugin/xsd/surefire-test-report-3.0.xsd" version="3.0" name="TestSuite" time="1.201" tests="4" errors="0" skipped="2" failures="2">
  <properties>
[...]
</properties>
  <testcase name="setUp" classname="ui.selenide.WikiTest" time="1.08">
    <failure message="org/openqa/selenium/net/HostIdentifier" type="java.lang.NoClassDefFoundError"><![CDATA[java.lang.NoClassDefFoundError: org/openqa/selenium/net/HostIdentifier
Caused by: java.lang.ClassNotFoundException: org.openqa.selenium.net.HostIdentifier
]]></failure>
    <system-err><![CDATA[SLF4J: Failed to load class "org.slf4j.impl.StaticLoggerBinder".
SLF4J: Defaulting to no-operation (NOP) logger implementation
SLF4J: See http://www.slf4j.org/codes.html#StaticLoggerBinder for further details.
]]></system-err>
  </testcase>
  <testcase name="setUp" classname="ui.selenide.WikiTest" time="1.08">
    <failure message="org/openqa/selenium/net/HostIdentifier" type="java.lang.NoClassDefFoundError"><![CDATA[java.lang.NoClassDefFoundError: org/openqa/selenium/net/HostIdentifier
Caused by: java.lang.ClassNotFoundException: org.openqa.selenium.net.HostIdentifier
]]></failure>
  </testcase>
  <testcase name="shouldBeAuth" classname="ui.selenide.WikiTest" time="0">
    <skipped message="org/openqa/selenium/net/HostIdentifier"/>
  </testcase>
  <testcase name="shouldBeOpenedArticle" classname="ui.selenide.WikiTest" time="0">
    <skipped message="org/openqa/selenium/net/HostIdentifier"/>
  </testcase>
</testsuite>