<?xml version="1.0" encoding="UTF-8"?>
<testsuite xmlns:xsi="http://www.w3.org/2001/XMLSchema-instance" xsi:noNamespaceSchemaLocation="https://maven.apache.org/surefire/maven-surefire-plugin/xsd/surefire-test-report-3.0.xsd" version="3.0" name="TestSuite" time="14.686" tests="2" errors="0" skipped="0" failures="1">
  <properties>
[...]
</properties>
  <testcase name="shouldBeOpenedArticle" classname="ui.selenide.WikiTest" time="5.057">
    <failure message="Element not found {By.xpath: //div[@class=&apos;mw-search-result-heading&apos;]/a[@data-prefixedtext=&apos;Ubisoft&apos;]}&#10;Expected: visible&#10;Screenshot: file:/D:/Project/AutoTest/build/reports/tests/1706651593351.0.png&#10;Page source: file:/D:/Project/AutoTest/build/reports/tests/1706651593351.0.html&#10;Timeout: 4 s.&#10;Caused by: NoSuchElementException: no such element: Unable to locate element: {&quot;method&quot;:&quot;xpath&quot;,&quot;selector&quot;:&quot;//div[@class=&apos;mw-search-result-heading&apos;]/a[@data-prefixedtext=&apos;Ubisoft&apos;]&quot;}" type="com.codeborne.selenide.ex.ElementNotFound"><![CDATA[com.codeborne.selenide.ex.ElementNotFound: 
Element not found {By.xpath: //div[@class='mw-search-result-heading']/a[@data-prefixedtext='Ubisoft']}
Expected: visible
Screenshot: file:/D:/Project/AutoTest/build/reports/tests/1706651593351.0.png
Page source: file:/D:/Project/AutoTest/build/reports/tests/1706651593351.0.html
Timeout: 4 s.
Caused by: NoSuchElementException: no such element: Unable to locate element: {"method":"xpath","selector":"//div[@class='mw-search-result-heading']/a[@data-prefixedtext='Ubisoft']"}
	at ui.selenide.WikiTest.shouldBeOpenedArticle(WikiTest.java:27)
Caused by: org.openqa.selenium.NoSuchElementException: 
no such element: Unable to locate element: {"method":"xpath","selector":"//div[@class='mw-search-result-heading']/a[@data-prefixedtext='Ubisoft']"}
  (Session info: chrome=121.0.6167.86)
For documentation on this error, please visit: https://www.selenium.dev/documentation/webdriver/troubleshooting/errors#no-such-element-exception
Build info: version: '4.15.0', revision: '1d14b5521b'
System info: os.name: 'Windows 11', os.arch: 'amd64', os.version: '10.0', java.version: '17.0.9'
Driver info: org.openqa.selenium.chrome.ChromeDriver
Command: [1bd2551ad563a2bf07001a7969595ad7, findElement {using=xpath, value=//div[@class='mw-search-result-heading']/a[@data-prefixedtext='Ubisoft']}]
Capabilities {acceptInsecureCerts: true, browserName: chrome, browserVersion: 121.0.6167.86, chrome: {chromedriverVersion: 121.0.6167.85 (3f98d690ad7e..., userDataDir: C:\Users\Beliar\AppData\Loc...}, fedcm:accounts: true, goog:chromeOptions: {debuggerAddress: localhost:52778}, networkConnectionEnabled: false, pageLoadStrategy: normal, platformName: windows, proxy: Proxy(), se:cdp: ws://localhost:52778/devtoo..., se:cdpVersion: 121.0.6167.86, setWindowRect: true, strictFileInteractability: false, timeouts: {implicit: 0, pageLoad: 300000, script: 30000}, unhandledPromptBehavior: accept, webauthn:extension:credBlob: true, webauthn:extension:largeBlob: true, webauthn:extension:minPinLength: true, webauthn:extension:prf: true, webauthn:virtualAuthenticators: true}
Session ID: 1bd2551ad563a2bf07001a7969595ad7
	at ui.selenide.WikiTest.shouldBeOpenedArticle(WikiTest.java:27)
]]></failure>
    <system-err><![CDATA[SLF4J: No SLF4J providers were found.
SLF4J: Defaulting to no-operation (NOP) logger implementation
SLF4J: See https://www.slf4j.org/codes.html#noProviders for further details.
янв. 30, 2024 11:53:07 PM org.openqa.selenium.devtools.CdpVersionFinder findNearestMatch
WARNING: Unable to find an exact match for CDP version 121, returning the closest version; found: 119; Please update to a Selenium version that supports CDP version 121
янв. 30, 2024 11:53:07 PM org.openqa.selenium.devtools.CdpVersionFinder findNearestMatch
WARNING: Unable to find an exact match for CDP version 121, returning the closest version; found: 119; Please update to a Selenium version that supports CDP version 121
]]></system-err>
  </testcase>
  <testcase name="shouldBeAuth" classname="ui.selenide.WikiTest" time="8.465"/>
</testsuite>