<?xml version="1.0" encoding="UTF-8"?>
<!-- Generated by org.testng.reporters.JUnitXMLReporter -->
<testsuite ignored="0" hostname="DESKTOP-FNHG4OR" failures="0" tests="2" name="Package1" time="0.255" errors="0" timestamp="2024-02-05T20:43:04 EET">
  <testcase classname="ui.selenide.BaseTest" name="@BeforeMethod setUp" time="0.088">
    <failure type="java.lang.NoClassDefFoundError" message="org/openqa/selenium/net/HostIdentifier">
      <![CDATA[java.lang.NoClassDefFoundError: org/openqa/selenium/net/HostIdentifier
at com.codeborne.selenide.drivercommands.CreateDriverCommand.lambda$createDriver$0(CreateDriverCommand.java:50)
at com.codeborne.selenide.logevents.SelenideLogger.wrap(SelenideLogger.java:133)
at com.codeborne.selenide.logevents.SelenideLogger.get(SelenideLogger.java:113)
at com.codeborne.selenide.drivercommands.CreateDriverCommand.createDriver(CreateDriverCommand.java:48)
at com.codeborne.selenide.impl.WebDriverThreadLocalContainer.createDriver(WebDriverThreadLocalContainer.java:189)
at com.codeborne.selenide.impl.WebDriverThreadLocalContainer.createAndRegisterDriver(WebDriverThreadLocalContainer.java:174)
at com.codeborne.selenide.impl.WebDriverThreadLocalContainer.getAndCheckWebDriver(WebDriverThreadLocalContainer.java:136)
at com.codeborne.selenide.WebDriverRunner.getAndCheckWebDriver(WebDriverRunner.java:113)
at com.codeborne.selenide.impl.StaticDriver.getAndCheckWebDriver(StaticDriver.java:65)
at com.codeborne.selenide.SelenideDriver.getAndCheckWebDriver(SelenideDriver.java:213)
at com.codeborne.selenide.drivercommands.Navigator.lambda$navigateTo$0(Navigator.java:71)
at com.codeborne.selenide.logevents.SelenideLogger.lambda$run$0(SelenideLogger.java:105)
at com.codeborne.selenide.logevents.SelenideLogger.wrap(SelenideLogger.java:133)
at com.codeborne.selenide.logevents.SelenideLogger.run(SelenideLogger.java:104)
at com.codeborne.selenide.drivercommands.Navigator.navigateTo(Navigator.java:69)
at com.codeborne.selenide.drivercommands.Navigator.open(Navigator.java:32)
at com.codeborne.selenide.SelenideDriver.open(SelenideDriver.java:92)
at com.codeborne.selenide.Selenide.open(Selenide.java:53)
at ui.selenide.BaseTest.setUp(BaseTest.java:15)
at java.base/java.util.concurrent.ThreadPoolExecutor.runWorker(ThreadPoolExecutor.java:1136)
at java.base/java.util.concurrent.ThreadPoolExecutor$Worker.run(ThreadPoolExecutor.java:635)
at java.base/java.lang.Thread.run(Thread.java:842)
Caused by: java.lang.ClassNotFoundException: org.openqa.selenium.net.HostIdentifier
at java.base/jdk.internal.loader.BuiltinClassLoader.loadClass(BuiltinClassLoader.java:641)
at java.base/jdk.internal.loader.ClassLoaders$AppClassLoader.loadClass(ClassLoaders.java:188)
at java.base/java.lang.ClassLoader.loadClass(ClassLoader.java:520)
... 38 more
... Removed 16 stack frames]]>
    </failure>
  </testcase> <!-- @BeforeMethod setUp -->
  <testcase classname="ui.selenide.BaseTest" name="@BeforeMethod setUp" time="0.088">
    <failure type="java.lang.NoClassDefFoundError" message="org/openqa/selenium/net/HostIdentifier">
      <![CDATA[java.lang.NoClassDefFoundError: org/openqa/selenium/net/HostIdentifier
at com.codeborne.selenide.drivercommands.CreateDriverCommand.lambda$createDriver$0(CreateDriverCommand.java:50)
at com.codeborne.selenide.logevents.SelenideLogger.wrap(SelenideLogger.java:133)
at com.codeborne.selenide.logevents.SelenideLogger.get(SelenideLogger.java:113)
at com.codeborne.selenide.drivercommands.CreateDriverCommand.createDriver(CreateDriverCommand.java:48)
at com.codeborne.selenide.impl.WebDriverThreadLocalContainer.createDriver(WebDriverThreadLocalContainer.java:189)
at com.codeborne.selenide.impl.WebDriverThreadLocalContainer.createAndRegisterDriver(WebDriverThreadLocalContainer.java:174)
at com.codeborne.selenide.impl.WebDriverThreadLocalContainer.getAndCheckWebDriver(WebDriverThreadLocalContainer.java:136)
at com.codeborne.selenide.WebDriverRunner.getAndCheckWebDriver(WebDriverRunner.java:113)
at com.codeborne.selenide.impl.StaticDriver.getAndCheckWebDriver(StaticDriver.java:65)
at com.codeborne.selenide.SelenideDriver.getAndCheckWebDriver(SelenideDriver.java:213)
at com.codeborne.selenide.drivercommands.Navigator.lambda$navigateTo$0(Navigator.java:71)
at com.codeborne.selenide.logevents.SelenideLogger.lambda$run$0(SelenideLogger.java:105)
at com.codeborne.selenide.logevents.SelenideLogger.wrap(SelenideLogger.java:133)
at com.codeborne.selenide.logevents.SelenideLogger.run(SelenideLogger.java:104)
at com.codeborne.selenide.drivercommands.Navigator.navigateTo(Navigator.java:69)
at com.codeborne.selenide.drivercommands.Navigator.open(Navigator.java:32)
at com.codeborne.selenide.SelenideDriver.open(SelenideDriver.java:92)
at com.codeborne.selenide.Selenide.open(Selenide.java:53)
at ui.selenide.BaseTest.setUp(BaseTest.java:15)
at java.base/java.util.concurrent.ThreadPoolExecutor.runWorker(ThreadPoolExecutor.java:1136)
at java.base/java.util.concurrent.ThreadPoolExecutor$Worker.run(ThreadPoolExecutor.java:635)
at java.base/java.lang.Thread.run(Thread.java:842)
Caused by: java.lang.ClassNotFoundException: org.openqa.selenium.net.HostIdentifier
... 38 more
... Removed 16 stack frames]]>
    </failure>
  </testcase> <!-- @BeforeMethod setUp -->
  <testcase classname="ui.selenide.WikiTest" name="shouldBeAuth" time="0.0">
    <skipped/>
  </testcase> <!-- shouldBeAuth -->
  <testcase classname="ui.selenide.WikiTest" name="shouldBeOpenedArticle" time="0.0">
    <skipped/>
  </testcase> <!-- shouldBeOpenedArticle -->
</testsuite> <!-- Package1 -->
